<?xml version="1.0" encoding="UTF-8"?>
<!-- Generated by org.testng.reporters.JUnitXMLReporter -->
<testsuite ignored="0" hostname="DESKTOP-J7DNQ9P" failures="0" tests="3" name="Default test" time="20.799" errors="0" timestamp="2024-05-31T15:37:04 IST">
  <testcase classname="Adactin_Testcases.Adactin_DatadrivenTest_002" name="datadriventest" time="0.755"/>
  <testcase classname="Adactin_Testcases.Adactin_DatadrivenTest_002" name="datadriventest" time="1.224"/>
  <testcase classname="Adactin_Testcases.Adactin_DatadrivenTest_002" name="datadriventest" time="0.964"/>
</testsuite> <!-- Default test -->
