<?xml version="1.0" encoding="UTF-8"?>
<testng-results ignored="0" total="1" passed="1" failed="0" skipped="0">
  <reporter-output>
  </reporter-output>
  <suite started-at="2024-05-27T11:10:42 IST" name="Suite" finished-at="2024-05-27T11:11:01 IST" duration-ms="18420">
    <groups>
    </groups>
    <test started-at="2024-05-27T11:10:42 IST" name="Test" finished-at="2024-05-27T11:11:01 IST" duration-ms="18420">
      <class name="Adactin_Testcases.TC_Adactin_LoginTest_001">
        <test-method is-config="true" signature="openApp()[pri:0, instance:Adactin_Testcases.TC_Adactin_LoginTest_001@8519cb4]" started-at="2024-05-27T11:10:42 IST" name="openApp" finished-at="2024-05-27T11:10:56 IST" duration-ms="13469" status="PASS">
          <reporter-output>
          </reporter-output>
        </test-method> <!-- openApp -->
        <test-method signature="LoginTest()[pri:0, instance:Adactin_Testcases.TC_Adactin_LoginTest_001@8519cb4]" started-at="2024-05-27T11:10:56 IST" name="LoginTest" finished-at="2024-05-27T11:11:00 IST" duration-ms="4183" status="PASS">
          <reporter-output>
          </reporter-output>
        </test-method> <!-- LoginTest -->
        <test-method is-config="true" signature="closeApp()[pri:0, instance:Adactin_Testcases.TC_Adactin_LoginTest_001@8519cb4]" started-at="2024-05-27T11:11:00 IST" name="closeApp" finished-at="2024-05-27T11:11:01 IST" duration-ms="537" status="PASS">
          <reporter-output>
          </reporter-output>
        </test-method> <!-- closeApp -->
      </class> <!-- Adactin_Testcases.TC_Adactin_LoginTest_001 -->
    </test> <!-- Test -->
  </suite> <!-- Suite -->
</testng-results>
